This is XeTeX, Version 3.14159265-2.6-0.99999 (TeX Live 2018) (preloaded format=xelatex 2018.4.16)  18 OCT 2020 12:59
entering extended mode
 restricted \write18 enabled.
 %&-line parsing enabled.
**Resume.tex
(/usr/local/texlive/2018/texmf-dist/tex/latex/tools/q.tex
LaTeX2e <2018-04-01> patch level 2
Babel <3.18> and hyphenation patterns for 84 language(s) loaded.
File ignored
)
! Emergency stop.
<*> Resume.tex
              
*** (job aborted, no legal \end found)

 
Here is how much of TeX's memory you used:
 6 strings out of 492970
 175 string characters out of 6133938
 63642 words of memory out of 5000000
 4112 multiletter control sequences out of 15000+600000
 3640 words of font info for 14 fonts, out of 8000000 for 9000
 1348 hyphenation exceptions out of 8191
 5i,0n,1p,90b,8s stack positions out of 5000i,500n,10000p,200000b,80000s
No pages of output.
